<?xml version="1.0"?>
<!DOCTYPE coverage SYSTEM "http://cobertura.sourceforge.net/xml/coverage-04.dtd">

<coverage line-rate="0.978021978021978" branch-rate="0.9375" lines-covered="89" lines-valid="91" branches-covered="15" branches-valid="16" complexity="3.0" version="2.0.3" timestamp="1416994777748">
	<sources>
		<source>/home/venkateshv/WorkSpace/WebCrawler/src/main/java</source>
		<source>--source</source>
	</sources>
	<packages>
		<package name="com.imaginea.venkatesh.apachecrawler" line-rate="1.0" branch-rate="0.9285714285714286" complexity="3.75">
			<classes>
				<class name="com.imaginea.venkatesh.apachecrawler.ApacheMailDownloader" filename="com/imaginea/venkatesh/apachecrawler/ApacheMailDownloader.java" line-rate="1.0" branch-rate="0.9285714285714286" complexity="3.75">
					<methods>
						<method name="&lt;clinit&gt;" signature="()V" line-rate="1.0" branch-rate="1.0">
							<lines>
								<line number="26" hits="1" branch="false"/>
							</lines>
						</method>
						<method name="&lt;init&gt;" signature="()V" line-rate="1.0" branch-rate="1.0">
							<lines>
								<line number="24" hits="2" branch="false"/>
							</lines>
						</method>
						<method name="crawlMailBoxLinks" signature="(Ljava/lang/String;Ljava/lang/String;Ljava/lang/String;)V" line-rate="1.0" branch-rate="1.0">
							<lines>
								<line number="61" hits="12" branch="false"/>
								<line number="62" hits="12" branch="false"/>
								<line number="63" hits="12" branch="false"/>
								<line number="64" hits="12" branch="false"/>
								<line number="65" hits="12" branch="true" condition-coverage="100% (2/2)">
									<conditions>
										<condition number="0" type="jump" coverage="100%"/>
									</conditions>
								</line>
								<line number="66" hits="1101" branch="false"/>
								<line number="67" hits="1100" branch="false"/>
								<line number="68" hits="1100" branch="false"/>
								<line number="69" hits="1" branch="false"/>
								<line number="70" hits="1" branch="false"/>
								<line number="71" hits="1" branch="false"/>
								<line number="72" hits="11" branch="false"/>
								<line number="73" hits="11" branch="false"/>
							</lines>
						</method>
						<method name="download" signature="(Ljava/lang/String;Ljava/lang/String;)V" line-rate="1.0" branch-rate="1.0">
							<lines>
								<line number="36" hits="2" branch="false"/>
								<line number="37" hits="2" branch="false"/>
								<line number="40" hits="2" branch="false"/>
								<line number="41" hits="2" branch="false"/>
								<line number="42" hits="2" branch="false"/>
								<line number="43" hits="2" branch="false"/>
								<line number="45" hits="876" branch="true" condition-coverage="100% (2/2)">
									<conditions>
										<condition number="0" type="jump" coverage="100%"/>
									</conditions>
								</line>
								<line number="46" hits="874" branch="false"/>
								<line number="47" hits="874" branch="false"/>
								<line number="48" hits="896" branch="true" condition-coverage="100% (2/2)">
									<conditions>
										<condition number="0" type="jump" coverage="100%"/>
									</conditions>
								</line>
								<line number="49" hits="22" branch="false"/>
								<line number="50" hits="22" branch="false"/>
								<line number="51" hits="22" branch="false"/>
								<line number="52" hits="22" branch="false"/>
								<line number="53" hits="874" branch="false"/>
								<line number="54" hits="2" branch="true" condition-coverage="100% (2/2)">
									<conditions>
										<condition number="0" type="jump" coverage="100%"/>
									</conditions>
								</line>
								<line number="55" hits="12" branch="false"/>
								<line number="56" hits="11" branch="false"/>
								<line number="57" hits="1" branch="false"/>
							</lines>
						</method>
						<method name="getMonth" signature="(Ljava/lang/String;Ljava/lang/String;)Ljava/lang/String;" line-rate="1.0" branch-rate="0.5">
							<lines>
								<line number="76" hits="12" branch="false"/>
								<line number="77" hits="12" branch="false"/>
								<line number="78" hits="12" branch="true" condition-coverage="50% (1/2)">
									<conditions>
										<condition number="0" type="jump" coverage="50%"/>
									</conditions>
								</line>
								<line number="79" hits="12" branch="false"/>
								<line number="81" hits="12" branch="false"/>
							</lines>
						</method>
						<method name="writeContentToFile" signature="(Ljava/lang/String;Ljava/lang/String;ILjava/lang/String;)V" line-rate="1.0" branch-rate="1.0">
							<lines>
								<line number="85" hits="1101" branch="false"/>
								<line number="86" hits="1101" branch="true" condition-coverage="100% (2/2)">
									<conditions>
										<condition number="0" type="jump" coverage="100%"/>
									</conditions>
								</line>
								<line number="87" hits="1" branch="false"/>
								<line number="89" hits="1101" branch="false"/>
								<line number="91" hits="1101" branch="false"/>
								<line number="92" hits="1101" branch="false"/>
								<line number="93" hits="1101" branch="false"/>
								<line number="94" hits="1101" branch="true" condition-coverage="100% (2/2)">
									<conditions>
										<condition number="0" type="jump" coverage="100%"/>
									</conditions>
								</line>
								<line number="95" hits="1" branch="false"/>
								<line number="97" hits="1100" branch="false"/>
								<line number="98" hits="1100" branch="false"/>
								<line number="99" hits="1100" branch="false"/>
								<line number="100" hits="1100" branch="false"/>
								<line number="101" hits="1100" branch="false"/>
								<line number="102" hits="1" branch="false"/>
								<line number="103" hits="1" branch="false"/>
								<line number="104" hits="1" branch="false"/>
								<line number="105" hits="1100" branch="false"/>
								<line number="106" hits="1100" branch="false"/>
							</lines>
						</method>
					</methods>
					<lines>
						<line number="24" hits="2" branch="false"/>
						<line number="26" hits="1" branch="false"/>
						<line number="36" hits="2" branch="false"/>
						<line number="37" hits="2" branch="false"/>
						<line number="40" hits="2" branch="false"/>
						<line number="41" hits="2" branch="false"/>
						<line number="42" hits="2" branch="false"/>
						<line number="43" hits="2" branch="false"/>
						<line number="45" hits="876" branch="true" condition-coverage="100% (2/2)">
							<conditions>
								<condition number="0" type="jump" coverage="100%"/>
							</conditions>
						</line>
						<line number="46" hits="874" branch="false"/>
						<line number="47" hits="874" branch="false"/>
						<line number="48" hits="896" branch="true" condition-coverage="100% (2/2)">
							<conditions>
								<condition number="0" type="jump" coverage="100%"/>
							</conditions>
						</line>
						<line number="49" hits="22" branch="false"/>
						<line number="50" hits="22" branch="false"/>
						<line number="51" hits="22" branch="false"/>
						<line number="52" hits="22" branch="false"/>
						<line number="53" hits="874" branch="false"/>
						<line number="54" hits="2" branch="true" condition-coverage="100% (2/2)">
							<conditions>
								<condition number="0" type="jump" coverage="100%"/>
							</conditions>
						</line>
						<line number="55" hits="12" branch="false"/>
						<line number="56" hits="11" branch="false"/>
						<line number="57" hits="1" branch="false"/>
						<line number="61" hits="12" branch="false"/>
						<line number="62" hits="12" branch="false"/>
						<line number="63" hits="12" branch="false"/>
						<line number="64" hits="12" branch="false"/>
						<line number="65" hits="12" branch="true" condition-coverage="100% (2/2)">
							<conditions>
								<condition number="0" type="jump" coverage="100%"/>
							</conditions>
						</line>
						<line number="66" hits="1101" branch="false"/>
						<line number="67" hits="1100" branch="false"/>
						<line number="68" hits="1100" branch="false"/>
						<line number="69" hits="1" branch="false"/>
						<line number="70" hits="1" branch="false"/>
						<line number="71" hits="1" branch="false"/>
						<line number="72" hits="11" branch="false"/>
						<line number="73" hits="11" branch="false"/>
						<line number="76" hits="12" branch="false"/>
						<line number="77" hits="12" branch="false"/>
						<line number="78" hits="12" branch="true" condition-coverage="50% (1/2)">
							<conditions>
								<condition number="0" type="jump" coverage="50%"/>
							</conditions>
						</line>
						<line number="79" hits="12" branch="false"/>
						<line number="81" hits="12" branch="false"/>
						<line number="85" hits="1101" branch="false"/>
						<line number="86" hits="1101" branch="true" condition-coverage="100% (2/2)">
							<conditions>
								<condition number="0" type="jump" coverage="100%"/>
							</conditions>
						</line>
						<line number="87" hits="1" branch="false"/>
						<line number="89" hits="1101" branch="false"/>
						<line number="91" hits="1101" branch="false"/>
						<line number="92" hits="1101" branch="false"/>
						<line number="93" hits="1101" branch="false"/>
						<line number="94" hits="1101" branch="true" condition-coverage="100% (2/2)">
							<conditions>
								<condition number="0" type="jump" coverage="100%"/>
							</conditions>
						</line>
						<line number="95" hits="1" branch="false"/>
						<line number="97" hits="1100" branch="false"/>
						<line number="98" hits="1100" branch="false"/>
						<line number="99" hits="1100" branch="false"/>
						<line number="100" hits="1100" branch="false"/>
						<line number="101" hits="1100" branch="false"/>
						<line number="102" hits="1" branch="false"/>
						<line number="103" hits="1" branch="false"/>
						<line number="104" hits="1" branch="false"/>
						<line number="105" hits="1100" branch="false"/>
						<line number="106" hits="1100" branch="false"/>
					</lines>
				</class>
			</classes>
		</package>
		<package name="com.imaginea.venkatesh.main" line-rate="1.0" branch-rate="1.0" complexity="1.0">
			<classes>
				<class name="com.imaginea.venkatesh.main.WebCrawlerApp" filename="com/imaginea/venkatesh/main/WebCrawlerApp.java" line-rate="1.0" branch-rate="1.0" complexity="1.0">
					<methods>
						<method name="&lt;init&gt;" signature="()V" line-rate="1.0" branch-rate="1.0">
							<lines>
								<line number="9" hits="1" branch="false"/>
							</lines>
						</method>
						<method name="main" signature="([Ljava/lang/String;)V" line-rate="1.0" branch-rate="1.0">
							<lines>
								<line number="11" hits="1" branch="false"/>
								<line number="12" hits="1" branch="false"/>
								<line number="13" hits="1" branch="false"/>
								<line number="14" hits="1" branch="false"/>
								<line number="15" hits="1" branch="false"/>
								<line number="16" hits="1" branch="false"/>
								<line number="17" hits="1" branch="false"/>
							</lines>
						</method>
					</methods>
					<lines>
						<line number="9" hits="1" branch="false"/>
						<line number="11" hits="1" branch="false"/>
						<line number="12" hits="1" branch="false"/>
						<line number="13" hits="1" branch="false"/>
						<line number="14" hits="1" branch="false"/>
						<line number="15" hits="1" branch="false"/>
						<line number="16" hits="1" branch="false"/>
						<line number="17" hits="1" branch="false"/>
					</lines>
				</class>
			</classes>
		</package>
		<package name="com.imaginea.venkatesh.utils" line-rate="1.0" branch-rate="1.0" complexity="2.5">
			<classes>
				<class name="com.imaginea.venkatesh.utils.WebCrawlHelper" filename="com/imaginea/venkatesh/utils/WebCrawlHelper.java" line-rate="1.0" branch-rate="1.0" complexity="2.5">
					<methods>
						<method name="&lt;clinit&gt;" signature="()V" line-rate="1.0" branch-rate="1.0">
							<lines>
								<line number="14" hits="1" branch="false"/>
							</lines>
						</method>
						<method name="&lt;init&gt;" signature="()V" line-rate="1.0" branch-rate="1.0">
							<lines>
								<line number="12" hits="5" branch="false"/>
							</lines>
						</method>
						<method name="getApplicationProperties" signature="(Ljava/lang/String;)Ljava/util/Properties;" line-rate="1.0" branch-rate="1.0">
							<lines>
								<line number="46" hits="4" branch="false"/>
								<line number="47" hits="4" branch="false"/>
								<line number="48" hits="4" branch="false"/>
								<line number="49" hits="3" branch="false"/>
							</lines>
						</method>
						<method name="getHtmlContent" signature="(Ljava/lang/String;)Ljava/lang/String;" line-rate="1.0" branch-rate="1.0">
							<lines>
								<line number="21" hits="4" branch="false"/>
								<line number="23" hits="4" branch="false"/>
								<line number="24" hits="4" branch="false"/>
								<line number="25" hits="4" branch="false"/>
								<line number="26" hits="3" branch="false"/>
								<line number="28" hits="2649" branch="true" condition-coverage="100% (2/2)">
									<conditions>
										<condition number="0" type="jump" coverage="100%"/>
									</conditions>
								</line>
								<line number="29" hits="2646" branch="false"/>
								<line number="31" hits="3" branch="false"/>
								<line number="32" hits="3" branch="false"/>
								<line number="33" hits="1" branch="false"/>
								<line number="34" hits="1" branch="false"/>
								<line number="35" hits="1" branch="false"/>
								<line number="36" hits="3" branch="false"/>
								<line number="37" hits="3" branch="false"/>
							</lines>
						</method>
					</methods>
					<lines>
						<line number="12" hits="5" branch="false"/>
						<line number="14" hits="1" branch="false"/>
						<line number="21" hits="4" branch="false"/>
						<line number="23" hits="4" branch="false"/>
						<line number="24" hits="4" branch="false"/>
						<line number="25" hits="4" branch="false"/>
						<line number="26" hits="3" branch="false"/>
						<line number="28" hits="2649" branch="true" condition-coverage="100% (2/2)">
							<conditions>
								<condition number="0" type="jump" coverage="100%"/>
							</conditions>
						</line>
						<line number="29" hits="2646" branch="false"/>
						<line number="31" hits="3" branch="false"/>
						<line number="32" hits="3" branch="false"/>
						<line number="33" hits="1" branch="false"/>
						<line number="34" hits="1" branch="false"/>
						<line number="35" hits="1" branch="false"/>
						<line number="36" hits="3" branch="false"/>
						<line number="37" hits="3" branch="false"/>
						<line number="46" hits="4" branch="false"/>
						<line number="47" hits="4" branch="false"/>
						<line number="48" hits="4" branch="false"/>
						<line number="49" hits="3" branch="false"/>
					</lines>
				</class>
			</classes>
		</package>
		<package name="com.imaginea.venkatesh.webcrawlerconstants" line-rate="0.6" branch-rate="1.0" complexity="0.0">
			<classes>
				<class name="com.imaginea.venkatesh.webcrawlerconstants.Constants" filename="com/imaginea/venkatesh/webcrawlerconstants/Constants.java" line-rate="0.3333333333333333" branch-rate="1.0" complexity="0.0">
					<methods>
						<method name="&lt;clinit&gt;" signature="()V" line-rate="1.0" branch-rate="1.0">
							<lines>
								<line number="9" hits="1" branch="false"/>
							</lines>
						</method>
						<method name="&lt;init&gt;" signature="()V" line-rate="0.0" branch-rate="1.0">
							<lines>
								<line number="5" hits="0" branch="false"/>
								<line number="10" hits="0" branch="false"/>
							</lines>
						</method>
					</methods>
					<lines>
						<line number="5" hits="0" branch="false"/>
						<line number="9" hits="1" branch="false"/>
						<line number="10" hits="0" branch="false"/>
					</lines>
				</class>
				<class name="com.imaginea.venkatesh.webcrawlerconstants.Constants$Month" filename="com/imaginea/venkatesh/webcrawlerconstants/Constants.java" line-rate="1.0" branch-rate="1.0" complexity="0.0">
					<methods>
						<method name="&lt;clinit&gt;" signature="()V" line-rate="1.0" branch-rate="1.0">
							<lines>
								<line number="10" hits="27" branch="false"/>
								<line number="11" hits="1" branch="false"/>
							</lines>
						</method>
						<method name="&lt;init&gt;" signature="(Ljava/lang/String;I)V" line-rate="1.0" branch-rate="1.0">
							<lines>
							</lines>
						</method>
						<method name="valueOf" signature="(Ljava/lang/String;)Lcom/imaginea/venkatesh/webcrawlerconstants/Constants$Month;" line-rate="1.0" branch-rate="1.0">
							<lines>
							</lines>
						</method>
						<method name="values" signature="()[Lcom/imaginea/venkatesh/webcrawlerconstants/Constants$Month;" line-rate="1.0" branch-rate="1.0">
							<lines>
							</lines>
						</method>
					</methods>
					<lines>
						<line number="10" hits="27" branch="false"/>
						<line number="11" hits="1" branch="false"/>
					</lines>
				</class>
			</classes>
		</package>
	</packages>
</coverage>
